2024-08-31 05:47:54,491 INFO: App startup [in C:\Users\Salem Almannai\Desktop\scms\app.py:506]
2024-08-31 05:47:55,667 INFO: App startup [in C:\Users\Salem Almannai\Desktop\scms\app.py:506]
2024-08-31 05:47:56,400 ERROR: Unhandled Exception: 'csrf_token' is undefined [in C:\Users\Salem Almannai\Desktop\scms\app.py:519]
2024-08-31 05:47:57,134 ERROR: Unhandled Exception: 'csrf_token' is undefined [in C:\Users\Salem Almannai\Desktop\scms\app.py:519]
2024-08-31 05:49:48,489 INFO: App startup [in C:\Users\Salem Almannai\Desktop\scms\app.py:506]
2024-08-31 05:49:49,456 INFO: App startup [in C:\Users\Salem Almannai\Desktop\scms\app.py:506]
2024-08-31 05:49:50,957 ERROR: Unhandled Exception: 'csrf_token' is undefined [in C:\Users\Salem Almannai\Desktop\scms\app.py:519]
2024-08-31 05:49:58,507 ERROR: Unhandled Exception: 'csrf_token' is undefined [in C:\Users\Salem Almannai\Desktop\scms\app.py:519]
2024-08-31 05:51:20,416 INFO: App startup [in C:\Users\Salem Almannai\Desktop\scms\app.py:506]
2024-08-31 05:51:21,566 INFO: App startup [in C:\Users\Salem Almannai\Desktop\scms\app.py:506]
2024-08-31 05:51:27,219 WARNING: No user found with username: admin [in C:\Users\Salem Almannai\Desktop\scms\app.py:216]
2024-08-31 05:53:18,570 WARNING: No user found with username: admin [in C:\Users\Salem Almannai\Desktop\scms\app.py:216]
2024-08-31 05:53:20,077 WARNING: No user found with username: admin [in C:\Users\Salem Almannai\Desktop\scms\app.py:216]
2024-08-31 05:53:33,220 WARNING: User hala is not approved [in C:\Users\Salem Almannai\Desktop\scms\app.py:205]
2024-08-31 05:53:42,313 WARNING: No user found with username: admin [in C:\Users\Salem Almannai\Desktop\scms\app.py:216]
2024-08-31 05:54:31,429 INFO: App startup [in C:\Users\Salem Almannai\Desktop\scms\app.py:506]
2024-08-31 05:54:33,148 INFO: App startup [in C:\Users\Salem Almannai\Desktop\scms\app.py:506]
2024-08-31 05:54:37,149 WARNING: No user found with username: admin [in C:\Users\Salem Almannai\Desktop\scms\app.py:216]
2024-08-31 05:54:38,932 WARNING: No user found with username: admin [in C:\Users\Salem Almannai\Desktop\scms\app.py:216]
2024-08-31 05:54:39,780 WARNING: No user found with username: admin [in C:\Users\Salem Almannai\Desktop\scms\app.py:216]
2024-08-31 05:55:09,211 INFO: App startup [in C:\Users\Salem Almannai\Desktop\scms\app.py:517]
2024-08-31 05:55:11,452 INFO: User admin logged in successfully [in C:\Users\Salem Almannai\Desktop\scms\app.py:221]
2024-08-31 05:55:11,542 ERROR: Unhandled Exception: Could not build url for endpoint 'generate_certificate'. Did you mean 'user_activity' instead? [in C:\Users\Salem Almannai\Desktop\scms\app.py:530]
2024-08-31 05:56:13,713 ERROR: Unhandled Exception: Could not build url for endpoint 'generate_certificate'. Did you mean 'user_activity' instead? [in C:\Users\Salem Almannai\Desktop\scms\app.py:530]
2024-08-31 05:56:14,529 ERROR: Unhandled Exception: Could not build url for endpoint 'generate_certificate'. Did you mean 'user_activity' instead? [in C:\Users\Salem Almannai\Desktop\scms\app.py:530]
2024-08-31 05:57:31,073 INFO: App startup [in C:\Users\Salem Almannai\Desktop\scms\app.py:517]
2024-08-31 05:57:32,199 INFO: App startup [in C:\Users\Salem Almannai\Desktop\scms\app.py:517]
2024-08-31 05:57:38,404 INFO: User admin logged in successfully [in C:\Users\Salem Almannai\Desktop\scms\app.py:221]
2024-08-31 06:35:18,426 INFO: App startup [in C:\Users\Salem Almannai\Desktop\scms\app.py:521]
2024-08-31 06:35:20,088 INFO: App startup [in C:\Users\Salem Almannai\Desktop\scms\app.py:521]
2024-08-31 06:35:22,564 ERROR: Unhandled Exception: Could not build url for endpoint 'generate_certificate'. Did you mean 'user_activity' instead? [in C:\Users\Salem Almannai\Desktop\scms\app.py:533]
2024-08-31 06:36:05,635 INFO: User admin logged in successfully [in C:\Users\Salem Almannai\Desktop\scms\app.py:221]
2024-08-31 06:36:11,550 INFO: User admin logged in successfully [in C:\Users\Salem Almannai\Desktop\scms\app.py:221]
2024-08-31 06:38:34,449 INFO: User admin logged in successfully [in C:\Users\Salem Almannai\Desktop\scms\app.py:221]
2024-08-31 06:39:23,130 INFO: App startup [in C:\Users\Salem Almannai\Desktop\scms\app.py:521]
2024-08-31 06:39:26,943 INFO: User admin logged in successfully [in C:\Users\Salem Almannai\Desktop\scms\app.py:221]
2024-08-31 06:39:32,989 ERROR: Unhandled Exception: 405 Method Not Allowed: The method is not allowed for the requested URL. [in C:\Users\Salem Almannai\Desktop\scms\app.py:533]
2024-08-31 06:44:58,409 INFO: App startup [in C:\Users\Salem Almannai\Desktop\scms\app.py:521]
2024-08-31 06:45:02,823 ERROR: Unhandled Exception: 405 Method Not Allowed: The method is not allowed for the requested URL. [in C:\Users\Salem Almannai\Desktop\scms\app.py:533]
2024-08-31 07:09:41,709 INFO: App startup [in C:\Users\Salem Almannai\Desktop\scms\app.py:524]
2024-08-31 07:09:42,955 INFO: App startup [in C:\Users\Salem Almannai\Desktop\scms\app.py:524]
2024-08-31 07:13:11,653 INFO: App startup [in C:\Users\Salem Almannai\Desktop\scms\app.py:530]
2024-08-31 07:13:14,023 INFO: App startup [in C:\Users\Salem Almannai\Desktop\scms\app.py:530]
2024-08-31 07:43:37,618 INFO: App startup [in C:\Users\Salem Almannai\Desktop\scms\app.py:532]
2024-08-31 07:43:38,649 INFO: App startup [in C:\Users\Salem Almannai\Desktop\scms\app.py:532]
2024-08-31 22:14:07,388 INFO: App startup [in C:\Users\Salem Almannai\Desktop\scms\app.py:529]
2024-08-31 22:14:08,313 INFO: App startup [in C:\Users\Salem Almannai\Desktop\scms\app.py:529]
2024-08-31 22:15:16,011 ERROR: Unhandled Exception: 400 Bad Request: The CSRF token is missing. [in C:\Users\Salem Almannai\Desktop\scms\app.py:448]
2024-08-31 22:15:28,018 ERROR: Unhandled Exception: 400 Bad Request: The CSRF token is missing. [in C:\Users\Salem Almannai\Desktop\scms\app.py:448]
2024-08-31 22:16:32,170 INFO: App startup [in C:\Users\Salem Almannai\Desktop\scms\app.py:532]
2024-08-31 22:16:34,684 ERROR: Unhandled Exception: 400 Bad Request: The CSRF token is missing. [in C:\Users\Salem Almannai\Desktop\scms\app.py:451]
2024-08-31 22:16:36,335 ERROR: Unhandled Exception: 'form' is undefined [in C:\Users\Salem Almannai\Desktop\scms\app.py:451]
2024-08-31 22:16:37,692 ERROR: Unhandled Exception: 'form' is undefined [in C:\Users\Salem Almannai\Desktop\scms\app.py:451]
2024-08-31 22:16:45,359 INFO: App startup [in C:\Users\Salem Almannai\Desktop\scms\app.py:532]
2024-08-31 22:16:46,998 INFO: App startup [in C:\Users\Salem Almannai\Desktop\scms\app.py:532]
2024-08-31 22:16:51,018 ERROR: Unhandled Exception: 'form' is undefined [in C:\Users\Salem Almannai\Desktop\scms\app.py:451]
2024-08-31 22:16:52,888 ERROR: Unhandled Exception: 'form' is undefined [in C:\Users\Salem Almannai\Desktop\scms\app.py:451]
2024-08-31 22:16:54,753 ERROR: Unhandled Exception: 'form' is undefined [in C:\Users\Salem Almannai\Desktop\scms\app.py:451]
2024-08-31 22:16:56,321 ERROR: Unhandled Exception: 'form' is undefined [in C:\Users\Salem Almannai\Desktop\scms\app.py:451]
2024-08-31 22:16:58,446 ERROR: Unhandled Exception: 'form' is undefined [in C:\Users\Salem Almannai\Desktop\scms\app.py:451]
2024-08-31 22:16:59,158 ERROR: Unhandled Exception: 'form' is undefined [in C:\Users\Salem Almannai\Desktop\scms\app.py:451]
2024-08-31 22:17:00,363 ERROR: Unhandled Exception: 'form' is undefined [in C:\Users\Salem Almannai\Desktop\scms\app.py:451]
2024-08-31 22:17:04,836 ERROR: Unhandled Exception: 400 Bad Request: The CSRF token is missing. [in C:\Users\Salem Almannai\Desktop\scms\app.py:451]
2024-08-31 22:17:06,800 ERROR: Unhandled Exception: 'form' is undefined [in C:\Users\Salem Almannai\Desktop\scms\app.py:451]
2024-08-31 22:17:48,553 INFO: App startup [in C:\Users\Salem Almannai\Desktop\scms\app.py:534]
2024-08-31 22:17:51,640 INFO: User admin logged in successfully [in C:\Users\Salem Almannai\Desktop\scms\app.py:237]
2024-08-31 22:18:13,691 ERROR: Unhandled Exception: 400 Bad Request: The CSRF token is missing. [in C:\Users\Salem Almannai\Desktop\scms\app.py:453]
2024-08-31 22:18:17,191 ERROR: Unhandled Exception: 400 Bad Request: The CSRF token is missing. [in C:\Users\Salem Almannai\Desktop\scms\app.py:453]
2024-08-31 22:20:04,582 INFO: App startup [in C:\Users\Salem Almannai\Desktop\scms\app.py:537]
2024-08-31 22:20:23,914 ERROR: Unhandled Exception: Install 'email_validator' for email validation support. [in C:\Users\Salem Almannai\Desktop\scms\app.py:456]
2024-08-31 22:20:26,664 ERROR: Unhandled Exception: Install 'email_validator' for email validation support. [in C:\Users\Salem Almannai\Desktop\scms\app.py:456]
2024-08-31 22:20:33,803 INFO: App startup [in C:\Users\Salem Almannai\Desktop\scms\app.py:537]
2024-08-31 22:20:34,768 INFO: App startup [in C:\Users\Salem Almannai\Desktop\scms\app.py:537]
2024-08-31 22:20:47,162 ERROR: Unhandled Exception: Install 'email_validator' for email validation support. [in C:\Users\Salem Almannai\Desktop\scms\app.py:456]
2024-08-31 22:24:00,788 INFO: App startup [in C:\Users\Salem Almannai\Desktop\scms\app.py:545]
2024-08-31 22:24:02,413 INFO: App startup [in C:\Users\Salem Almannai\Desktop\scms\app.py:545]
2024-08-31 22:24:08,134 INFO: User admin logged in successfully [in C:\Users\Salem Almannai\Desktop\scms\app.py:237]
2024-08-31 22:24:39,541 ERROR: Unhandled Exception: 400 Bad Request: The CSRF token is missing. [in C:\Users\Salem Almannai\Desktop\scms\app.py:464]
2024-08-31 22:24:45,065 ERROR: Unhandled Exception: 400 Bad Request: The CSRF token is missing. [in C:\Users\Salem Almannai\Desktop\scms\app.py:464]
2024-08-31 22:40:39,984 INFO: App startup [in C:\Users\Salem Almannai\Desktop\scms\app.py:549]
2024-08-31 22:40:42,333 INFO: App startup [in C:\Users\Salem Almannai\Desktop\scms\app.py:549]
2024-08-31 22:46:31,890 INFO: App startup [in C:\Users\Salem Almannai\Desktop\scms\app.py:549]
2024-08-31 22:46:31,924 INFO: App startup [in C:\Users\Salem Almannai\Desktop\scms\app.py:1161]
2024-08-31 22:46:31,924 INFO: App startup [in C:\Users\Salem Almannai\Desktop\scms\app.py:1161]
2024-08-31 22:46:33,631 INFO: App startup [in C:\Users\Salem Almannai\Desktop\scms\app.py:549]
2024-08-31 22:46:33,667 INFO: App startup [in C:\Users\Salem Almannai\Desktop\scms\app.py:1161]
2024-08-31 22:46:33,667 INFO: App startup [in C:\Users\Salem Almannai\Desktop\scms\app.py:1161]
